0 verbose cli C:\Program Files\nodejs\node.exe C:\Program Files\nodejs\node_modules\npm\bin\npm-cli.js
1 info using npm@9.6.7
2 info using node@v18.17.0
3 timing npm:load:whichnode Completed in 5ms
4 timing config:load:defaults Completed in 5ms
5 timing config:load:file:C:\Program Files\nodejs\node_modules\npm\npmrc Completed in 4ms
6 timing config:load:builtin Completed in 6ms
7 timing config:load:cli Completed in 5ms
8 timing config:load:env Completed in 2ms
9 timing config:load:file:C:\Users\Zhang\AppData\Local\Microsoft\TypeScript\5.1\.npmrc Completed in 0ms
10 timing config:load:project Completed in 9ms
11 timing config:load:file:C:\Users\Zhang\.npmrc Completed in 2ms
12 timing config:load:user Completed in 2ms
13 timing config:load:file:C:\Users\Zhang\Dev\etc\npmrc Completed in 0ms
14 timing config:load:global Completed in 0ms
15 timing config:load:setEnvs Completed in 2ms
16 timing config:load Completed in 37ms
17 timing npm:load:configload Completed in 38ms
18 timing npm:load:mkdirpcache Completed in 1ms
19 timing npm:load:mkdirplogs Completed in 1ms
20 verbose title npm install types-registry@latest
21 verbose argv "install" "--ignore-scripts" "types-registry@latest"
22 timing npm:load:setTitle Completed in 2ms
23 timing config:load:flatten Completed in 7ms
24 timing npm:load:display Completed in 10ms
25 verbose logfile logs-max:10 dir:C:\Users\Zhang\Dev\_logs\2023-08-13T16_18_01_544Z-
26 verbose logfile C:\Users\Zhang\Dev\_logs\2023-08-13T16_18_01_544Z-debug-0.log
27 timing npm:load:logFile Completed in 38ms
28 timing npm:load:timers Completed in 0ms
29 timing npm:load:configScope Completed in 0ms
30 timing npm:load Completed in 98ms
31 timing arborist:ctor Completed in 1ms
32 silly logfile start cleaning logs, removing 2 files
33 timing idealTree:init Completed in 116ms
34 silly logfile done cleaning log files
35 timing arborist:ctor Completed in 1ms
36 http fetch GET 200 https://registry.npmjs.org/types-registry 749ms (cache updated)
37 timing idealTree:userRequests Completed in 765ms
38 silly idealTree buildDeps
39 silly fetch manifest types-registry@0.1.656
40 silly placeDep ROOT types-registry@0.1.656 REPLACE for:  want: 0.1.656
41 timing idealTree:#root Completed in 14ms
42 timing idealTree:node_modules/types-registry Completed in 0ms
43 timing idealTree:buildDeps Completed in 16ms
44 timing idealTree:fixDepFlags Completed in 1ms
45 timing idealTree Completed in 900ms
46 timing reify:loadTrees Completed in 902ms
47 timing reify:diffTrees Completed in 5ms
48 silly reify mark retired [
48 silly reify   'C:\\Users\\Zhang\\AppData\\Local\\Microsoft\\TypeScript\\5.1\\node_modules\\types-registry'
48 silly reify ]
49 silly reify moves {
49 silly reify   'C:\\Users\\Zhang\\AppData\\Local\\Microsoft\\TypeScript\\5.1\\node_modules\\types-registry': 'C:\\Users\\Zhang\\AppData\\Local\\Microsoft\\TypeScript\\5.1\\node_modules\\.types-registry-q3rCQANg'
49 silly reify }
50 timing reify:retireShallow Completed in 10ms
51 timing reify:createSparse Completed in 2ms
52 timing reify:loadBundles Completed in 0ms
53 silly audit bulk request {
53 silly audit   '@types/body-parser': [ '1.19.2' ],
53 silly audit   '@types/co': [ '4.6.3' ],
53 silly audit   '@types/connect': [ '3.4.35' ],
53 silly audit   '@types/express': [ '4.17.17' ],
53 silly audit   '@types/express-serve-static-core': [ '4.17.35' ],
53 silly audit   '@types/http-errors': [ '2.0.1' ],
53 silly audit   '@types/merge-descriptors': [ '1.0.1' ],
53 silly audit   '@types/mime': [ '1.3.2' ],
53 silly audit   '@types/node': [ '20.4.5' ],
53 silly audit   '@types/qs': [ '6.9.7' ],
53 silly audit   '@types/ramda': [ '0.29.3' ],
53 silly audit   '@types/range-parser': [ '1.2.4' ],
53 silly audit   '@types/send': [ '0.17.1' ],
53 silly audit   '@types/serve-static': [ '1.15.2' ],
53 silly audit   '@types/underscore': [ '1.11.6' ],
53 silly audit   'ts-toolbelt': [ '9.6.0' ],
53 silly audit   'types-ramda': [ '0.29.4' ],
53 silly audit   'types-registry': [ '0.1.656' ]
53 silly audit }
54 silly tarball no local data for types-registry@https://registry.npmjs.org/types-registry/-/types-registry-0.1.656.tgz. Extracting by manifest.
55 http fetch POST 200 https://registry.npmjs.org/-/npm/v1/security/advisories/bulk 148ms
56 timing auditReport:getReport Completed in 152ms
57 silly audit report {}
58 timing auditReport:init Completed in 0ms
59 timing reify:audit Completed in 154ms
60 http fetch GET 200 https://registry.npmjs.org/types-registry/-/types-registry-0.1.656.tgz 242ms (cache miss)
61 timing reifyNode:node_modules/types-registry Completed in 259ms
62 timing reify:unpack Completed in 259ms
63 timing reify:unretire Completed in 0ms
64 timing build:queue Completed in 1ms
65 timing build:deps Completed in 1ms
66 timing build Completed in 1ms
67 timing reify:build Completed in 3ms
68 timing reify:trash Completed in 5ms
69 timing reify:save Completed in 33ms
70 timing reify Completed in 1255ms
71 silly CHANGE node_modules/types-registry
72 timing command:install Completed in 1268ms
73 verbose exit 0
74 timing npm Completed in 2625ms
75 info ok
